{"C:/Users/Administrator/AppData/Local/Temp/deploy-20250819112559/private/src/index.ts": {"path":"C:/Users/Administrator/AppData/Local/Temp/deploy-20250819112559/private/src/index.ts","statementMap":{"0":{"start":{"line":23,"column":2},"end":{"line":23,"column":null}},"1":{"start":{"line":26,"column":2},"end":{"line":26,"column":null}},"2":{"start":{"line":27,"column":2},"end":{"line":27,"column":null}},"3":{"start":{"line":33,"column":28},"end":{"line":55,"column":null}},"4":{"start":{"line":34,"column":18},"end":{"line":34,"column":null}},"5":{"start":{"line":35,"column":16},"end":{"line":35,"column":null}},"6":{"start":{"line":36,"column":21},"end":{"line":36,"column":null}},"7":{"start":{"line":38,"column":17},"end":{"line":38,"column":null}},"8":{"start":{"line":39,"column":1},"end":{"line":39,"column":null}},"9":{"start":{"line":40,"column":25},"end":{"line":40,"column":null}},"10":{"start":{"line":41,"column":1},"end":{"line":41,"column":null}},"11":{"start":{"line":43,"column":20},"end":{"line":43,"column":null}},"12":{"start":{"line":45,"column":1},"end":{"line":52,"column":null}},"13":{"start":{"line":53,"column":1},"end":{"line":53,"column":null}},"14":{"start":{"line":59,"column":34},"end":{"line":98,"column":null}},"15":{"start":{"line":60,"column":1},"end":{"line":63,"column":null}},"16":{"start":{"line":61,"column":2},"end":{"line":61,"column":null}},"17":{"start":{"line":62,"column":2},"end":{"line":62,"column":null}},"18":{"start":{"line":64,"column":94},"end":{"line":64,"column":null}},"19":{"start":{"line":66,"column":1},"end":{"line":94,"column":null}},"20":{"start":{"line":67,"column":2},"end":{"line":67,"column":null}},"21":{"start":{"line":68,"column":2},"end":{"line":68,"column":null}},"22":{"start":{"line":69,"column":2},"end":{"line":69,"column":null}},"23":{"start":{"line":70,"column":2},"end":{"line":70,"column":null}},"24":{"start":{"line":71,"column":17},"end":{"line":71,"column":null}},"25":{"start":{"line":72,"column":15},"end":{"line":72,"column":null}},"26":{"start":{"line":73,"column":2},"end":{"line":73,"column":null}},"27":{"start":{"line":76,"column":2},"end":{"line":78,"column":null}},"28":{"start":{"line":77,"column":3},"end":{"line":77,"column":null}},"29":{"start":{"line":80,"column":2},"end":{"line":87,"column":null}},"30":{"start":{"line":88,"column":24},"end":{"line":88,"column":null}},"31":{"start":{"line":89,"column":2},"end":{"line":93,"column":null}},"32":{"start":{"line":97,"column":1},"end":{"line":97,"column":null}},"33":{"start":{"line":104,"column":41},"end":{"line":104,"column":null}},"34":{"start":{"line":105,"column":14},"end":{"line":105,"column":null}},"35":{"start":{"line":107,"column":27},"end":{"line":116,"column":null}},"36":{"start":{"line":108,"column":84},"end":{"line":108,"column":null}},"37":{"start":{"line":109,"column":3},"end":{"line":114,"column":null}},"38":{"start":{"line":110,"column":4},"end":{"line":110,"column":null}},"39":{"start":{"line":111,"column":20},"end":{"line":111,"column":null}},"40":{"start":{"line":112,"column":4},"end":{"line":112,"column":null}},"41":{"start":{"line":113,"column":4},"end":{"line":113,"column":null}},"42":{"start":{"line":115,"column":3},"end":{"line":115,"column":null}},"43":{"start":{"line":119,"column":2},"end":{"line":140,"column":null}},"44":{"start":{"line":120,"column":3},"end":{"line":138,"column":null}},"45":{"start":{"line":121,"column":4},"end":{"line":137,"column":null}},"46":{"start":{"line":122,"column":5},"end":{"line":122,"column":null}},"47":{"start":{"line":124,"column":5},"end":{"line":129,"column":null}},"48":{"start":{"line":125,"column":6},"end":{"line":125,"column":null}},"49":{"start":{"line":127,"column":6},"end":{"line":127,"column":null}},"50":{"start":{"line":128,"column":6},"end":{"line":128,"column":null}},"51":{"start":{"line":131,"column":5},"end":{"line":131,"column":null}},"52":{"start":{"line":139,"column":3},"end":{"line":139,"column":null}},"53":{"start":{"line":143,"column":2},"end":{"line":145,"column":null}},"54":{"start":{"line":144,"column":3},"end":{"line":144,"column":null}},"55":{"start":{"line":150,"column":14},"end":{"line":150,"column":null}},"56":{"start":{"line":151,"column":15},"end":{"line":151,"column":null}},"57":{"start":{"line":152,"column":13},"end":{"line":152,"column":null}},"58":{"start":{"line":153,"column":1},"end":{"line":155,"column":null}},"59":{"start":{"line":153,"column":14},"end":{"line":153,"column":17}},"60":{"start":{"line":154,"column":2},"end":{"line":154,"column":null}},"61":{"start":{"line":156,"column":1},"end":{"line":156,"column":null}},"62":{"start":{"line":160,"column":23},"end":{"line":160,"column":null}},"63":{"start":{"line":161,"column":13},"end":{"line":161,"column":null}},"64":{"start":{"line":162,"column":15},"end":{"line":162,"column":null}},"65":{"start":{"line":163,"column":1},"end":{"line":165,"column":null}},"66":{"start":{"line":163,"column":14},"end":{"line":163,"column":17}},"67":{"start":{"line":164,"column":2},"end":{"line":164,"column":null}},"68":{"start":{"line":166,"column":1},"end":{"line":166,"column":null}},"69":{"start":{"line":168,"column":35},"end":{"line":181,"column":null}},"70":{"start":{"line":169,"column":14},"end":{"line":169,"column":null}},"71":{"start":{"line":170,"column":17},"end":{"line":170,"column":null}},"72":{"start":{"line":171,"column":16},"end":{"line":171,"column":null}},"73":{"start":{"line":172,"column":1},"end":{"line":179,"column":null}},"74":{"start":{"line":173,"column":26},"end":{"line":173,"column":null}},"75":{"start":{"line":174,"column":2},"end":{"line":176,"column":null}},"76":{"start":{"line":175,"column":3},"end":{"line":175,"column":null}},"77":{"start":{"line":177,"column":2},"end":{"line":177,"column":null}},"78":{"start":{"line":178,"column":2},"end":{"line":178,"column":null}},"79":{"start":{"line":180,"column":1},"end":{"line":180,"column":null}},"80":{"start":{"line":184,"column":33},"end":{"line":241,"column":null}},"81":{"start":{"line":185,"column":24},"end":{"line":185,"column":null}},"82":{"start":{"line":186,"column":18},"end":{"line":189,"column":null}},"83":{"start":{"line":191,"column":1},"end":{"line":191,"column":null}},"84":{"start":{"line":192,"column":17},"end":{"line":224,"column":null}},"85":{"start":{"line":226,"column":1},"end":{"line":226,"column":null}},"86":{"start":{"line":227,"column":1},"end":{"line":227,"column":null}},"87":{"start":{"line":229,"column":26},"end":{"line":232,"column":null}},"88":{"start":{"line":234,"column":20},"end":{"line":234,"column":null}},"89":{"start":{"line":235,"column":1},"end":{"line":240,"column":null}},"90":{"start":{"line":236,"column":15},"end":{"line":236,"column":null}},"91":{"start":{"line":238,"column":2},"end":{"line":238,"column":null}},"92":{"start":{"line":239,"column":2},"end":{"line":239,"column":null}},"93":{"start":{"line":244,"column":34},"end":{"line":267,"column":null}},"94":{"start":{"line":245,"column":19},"end":{"line":245,"column":null}},"95":{"start":{"line":246,"column":1},"end":{"line":246,"column":null}},"96":{"start":{"line":247,"column":1},"end":{"line":247,"column":null}},"97":{"start":{"line":250,"column":1},"end":{"line":252,"column":null}},"98":{"start":{"line":251,"column":2},"end":{"line":251,"column":null}},"99":{"start":{"line":254,"column":18},"end":{"line":262,"column":null}},"100":{"start":{"line":263,"column":1},"end":{"line":266,"column":null}},"101":{"start":{"line":264,"column":2},"end":{"line":264,"column":null}},"102":{"start":{"line":265,"column":2},"end":{"line":265,"column":null}},"103":{"start":{"line":270,"column":32},"end":{"line":290,"column":null}},"104":{"start":{"line":272,"column":1},"end":{"line":274,"column":null}},"105":{"start":{"line":273,"column":2},"end":{"line":273,"column":null}},"106":{"start":{"line":276,"column":17},"end":{"line":284,"column":null}},"107":{"start":{"line":285,"column":1},"end":{"line":288,"column":null}},"108":{"start":{"line":286,"column":2},"end":{"line":286,"column":null}},"109":{"start":{"line":287,"column":2},"end":{"line":287,"column":null}},"110":{"start":{"line":289,"column":1},"end":{"line":289,"column":null}}},"fnMap":{"0":{"name":"(anonymous_0)","decl":{"start":{"line":21,"column":1},"end":{"line":21,"column":7}},"loc":{"start":{"line":21,"column":51},"end":{"line":24,"column":null}}},"1":{"name":"(anonymous_1)","decl":{"start":{"line":25,"column":1},"end":{"line":25,"column":7}},"loc":{"start":{"line":25,"column":32},"end":{"line":30,"column":null}}},"2":{"name":"(anonymous_2)","decl":{"start":{"line":33,"column":28},"end":{"line":33,"column":35}},"loc":{"start":{"line":33,"column":82},"end":{"line":55,"column":null}}},"3":{"name":"(anonymous_3)","decl":{"start":{"line":59,"column":34},"end":{"line":59,"column":41}},"loc":{"start":{"line":59,"column":168},"end":{"line":98,"column":null}}},"4":{"name":"(anonymous_4)","decl":{"start":{"line":102,"column":1},"end":{"line":102,"column":7}},"loc":{"start":{"line":102,"column":159},"end":{"line":146,"column":null}}},"5":{"name":"(anonymous_5)","decl":{"start":{"line":107,"column":63},"end":{"line":107,"column":75}},"loc":{"start":{"line":107,"column":75},"end":{"line":116,"column":3}}},"6":{"name":"(anonymous_6)","decl":{"start":{"line":119,"column":80},"end":{"line":119,"column":92}},"loc":{"start":{"line":119,"column":92},"end":{"line":140,"column":3}}},"7":{"name":"(anonymous_7)","decl":{"start":{"line":143,"column":24},"end":{"line":143,"column":36}},"loc":{"start":{"line":143,"column":36},"end":{"line":145,"column":3}}},"8":{"name":"arrayBufferToBase64","decl":{"start":{"line":149,"column":16},"end":{"line":149,"column":36}},"loc":{"start":{"line":149,"column":65},"end":{"line":157,"column":null}}},"9":{"name":"base64ToArrayBuffer","decl":{"start":{"line":159,"column":16},"end":{"line":159,"column":36}},"loc":{"start":{"line":159,"column":65},"end":{"line":167,"column":null}}},"10":{"name":"(anonymous_10)","decl":{"start":{"line":168,"column":35},"end":{"line":168,"column":42}},"loc":{"start":{"line":168,"column":122},"end":{"line":181,"column":null}}},"11":{"name":"(anonymous_11)","decl":{"start":{"line":184,"column":33},"end":{"line":184,"column":40}},"loc":{"start":{"line":184,"column":142},"end":{"line":241,"column":null}}},"12":{"name":"(anonymous_12)","decl":{"start":{"line":244,"column":34},"end":{"line":244,"column":41}},"loc":{"start":{"line":244,"column":145},"end":{"line":267,"column":null}}},"13":{"name":"(anonymous_13)","decl":{"start":{"line":270,"column":32},"end":{"line":270,"column":39}},"loc":{"start":{"line":270,"column":101},"end":{"line":290,"column":null}}}},"branchMap":{"0":{"loc":{"start":{"line":39,"column":13},"end":{"line":39,"column":null}},"type":"cond-expr","locations":[{"start":{"line":39,"column":25},"end":{"line":39,"column":59}},{"start":{"line":39,"column":59},"end":{"line":39,"column":null}}]},"1":{"loc":{"start":{"line":43,"column":38},"end":{"line":43,"column":61}},"type":"binary-expr","locations":[{"start":{"line":43,"column":38},"end":{"line":43,"column":51}},{"start":{"line":43,"column":51},"end":{"line":43,"column":61}}]},"2":{"loc":{"start":{"line":60,"column":1},"end":{"line":63,"column":null}},"type":"if","locations":[{"start":{"line":60,"column":1},"end":{"line":63,"column":null}},{"start":{},"end":{}}]},"3":{"loc":{"start":{"line":76,"column":2},"end":{"line":78,"column":null}},"type":"if","locations":[{"start":{"line":76,"column":2},"end":{"line":78,"column":null}},{"start":{},"end":{}}]},"4":{"loc":{"start":{"line":76,"column":6},"end":{"line":76,"column":64}},"type":"binary-expr","locations":[{"start":{"line":76,"column":6},"end":{"line":76,"column":34}},{"start":{"line":76,"column":34},"end":{"line":76,"column":64}}]},"5":{"loc":{"start":{"line":121,"column":4},"end":{"line":137,"column":null}},"type":"if","locations":[{"start":{"line":121,"column":4},"end":{"line":137,"column":null}},{"start":{},"end":{}}]},"6":{"loc":{"start":{"line":174,"column":2},"end":{"line":176,"column":null}},"type":"if","locations":[{"start":{"line":174,"column":2},"end":{"line":176,"column":null}},{"start":{},"end":{}}]},"7":{"loc":{"start":{"line":235,"column":1},"end":{"line":240,"column":null}},"type":"if","locations":[{"start":{"line":235,"column":1},"end":{"line":240,"column":null}},{"start":{},"end":{}}]},"8":{"loc":{"start":{"line":250,"column":1},"end":{"line":252,"column":null}},"type":"if","locations":[{"start":{"line":250,"column":1},"end":{"line":252,"column":null}},{"start":{},"end":{}}]},"9":{"loc":{"start":{"line":250,"column":5},"end":{"line":250,"column":63}},"type":"binary-expr","locations":[{"start":{"line":250,"column":5},"end":{"line":250,"column":33}},{"start":{"line":250,"column":33},"end":{"line":250,"column":63}}]},"10":{"loc":{"start":{"line":263,"column":1},"end":{"line":266,"column":null}},"type":"if","locations":[{"start":{"line":263,"column":1},"end":{"line":266,"column":null}},{"start":{},"end":{}}]},"11":{"loc":{"start":{"line":272,"column":1},"end":{"line":274,"column":null}},"type":"if","locations":[{"start":{"line":272,"column":1},"end":{"line":274,"column":null}},{"start":{},"end":{}}]},"12":{"loc":{"start":{"line":272,"column":5},"end":{"line":272,"column":63}},"type":"binary-expr","locations":[{"start":{"line":272,"column":5},"end":{"line":272,"column":33}},{"start":{"line":272,"column":33},"end":{"line":272,"column":63}}]},"13":{"loc":{"start":{"line":285,"column":1},"end":{"line":288,"column":null}},"type":"if","locations":[{"start":{"line":285,"column":1},"end":{"line":288,"column":null}},{"start":{},"end":{}}]}},"s":{"0":4,"1":4,"2":4,"3":21,"4":16,"5":16,"6":16,"7":16,"8":16,"9":16,"10":16,"11":16,"12":16,"13":16,"14":21,"15":34,"16":16,"17":16,"18":18,"19":18,"20":22,"21":22,"22":22,"23":22,"24":22,"25":22,"26":22,"27":22,"28":2,"29":22,"30":22,"31":22,"32":18,"33":35,"34":35,"35":35,"36":5,"37":5,"38":10,"39":10,"40":10,"41":10,"42":5,"43":35,"44":35,"45":30,"46":20,"47":20,"48":20,"49":15,"50":15,"51":5,"52":20,"53":35,"54":35,"55":48,"56":48,"57":48,"58":48,"59":48,"60":720,"61":48,"62":31,"63":31,"64":31,"65":31,"66":31,"67":138,"68":31,"69":21,"70":24,"71":24,"72":24,"73":24,"74":50,"75":50,"76":24,"77":26,"78":26,"79":24,"80":21,"81":30,"82":30,"83":20,"84":20,"85":20,"86":20,"87":20,"88":11,"89":11,"90":3,"91":3,"92":3,"93":21,"94":14,"95":14,"96":14,"97":14,"98":2,"99":14,"100":14,"101":6,"102":6,"103":21,"104":14,"105":2,"106":14,"107":11,"108":3,"109":3,"110":8},"f":{"0":4,"1":4,"2":16,"3":34,"4":35,"5":5,"6":35,"7":35,"8":48,"9":31,"10":24,"11":30,"12":14,"13":14},"b":{"0":[8,8],"1":[16,8],"2":[16,18],"3":[2,20],"4":[22,20],"5":[20,10],"6":[24,26],"7":[3,8],"8":[2,12],"9":[14,14],"10":[6,8],"11":[2,12],"12":[14,12],"13":[3,8]}}
}
