{"C:/Users/Administrator/AppData/Local/Temp/deploy-20250811220409/private/src/index.ts": {"path":"C:/Users/Administrator/AppData/Local/Temp/deploy-20250811220409/private/src/index.ts","statementMap":{"0":{"start":{"line":23,"column":2},"end":{"line":23,"column":null}},"1":{"start":{"line":26,"column":2},"end":{"line":26,"column":null}},"2":{"start":{"line":27,"column":2},"end":{"line":27,"column":null}},"3":{"start":{"line":33,"column":28},"end":{"line":55,"column":null}},"4":{"start":{"line":34,"column":18},"end":{"line":34,"column":null}},"5":{"start":{"line":35,"column":16},"end":{"line":35,"column":null}},"6":{"start":{"line":36,"column":21},"end":{"line":36,"column":null}},"7":{"start":{"line":38,"column":17},"end":{"line":38,"column":null}},"8":{"start":{"line":39,"column":1},"end":{"line":39,"column":null}},"9":{"start":{"line":40,"column":25},"end":{"line":40,"column":null}},"10":{"start":{"line":41,"column":1},"end":{"line":41,"column":null}},"11":{"start":{"line":43,"column":20},"end":{"line":43,"column":null}},"12":{"start":{"line":45,"column":1},"end":{"line":52,"column":null}},"13":{"start":{"line":53,"column":1},"end":{"line":53,"column":null}},"14":{"start":{"line":59,"column":34},"end":{"line":92,"column":null}},"15":{"start":{"line":60,"column":1},"end":{"line":63,"column":null}},"16":{"start":{"line":61,"column":2},"end":{"line":61,"column":null}},"17":{"start":{"line":62,"column":2},"end":{"line":62,"column":null}},"18":{"start":{"line":64,"column":94},"end":{"line":64,"column":null}},"19":{"start":{"line":66,"column":1},"end":{"line":88,"column":null}},"20":{"start":{"line":67,"column":2},"end":{"line":67,"column":null}},"21":{"start":{"line":68,"column":2},"end":{"line":68,"column":null}},"22":{"start":{"line":69,"column":2},"end":{"line":69,"column":null}},"23":{"start":{"line":70,"column":2},"end":{"line":70,"column":null}},"24":{"start":{"line":71,"column":17},"end":{"line":71,"column":null}},"25":{"start":{"line":72,"column":15},"end":{"line":72,"column":null}},"26":{"start":{"line":73,"column":2},"end":{"line":73,"column":null}},"27":{"start":{"line":74,"column":2},"end":{"line":81,"column":null}},"28":{"start":{"line":82,"column":24},"end":{"line":82,"column":null}},"29":{"start":{"line":83,"column":2},"end":{"line":87,"column":null}},"30":{"start":{"line":91,"column":1},"end":{"line":91,"column":null}},"31":{"start":{"line":98,"column":41},"end":{"line":98,"column":null}},"32":{"start":{"line":99,"column":14},"end":{"line":99,"column":null}},"33":{"start":{"line":101,"column":27},"end":{"line":110,"column":null}},"34":{"start":{"line":102,"column":84},"end":{"line":102,"column":null}},"35":{"start":{"line":103,"column":3},"end":{"line":108,"column":null}},"36":{"start":{"line":104,"column":4},"end":{"line":104,"column":null}},"37":{"start":{"line":105,"column":20},"end":{"line":105,"column":null}},"38":{"start":{"line":106,"column":4},"end":{"line":106,"column":null}},"39":{"start":{"line":107,"column":4},"end":{"line":107,"column":null}},"40":{"start":{"line":109,"column":3},"end":{"line":109,"column":null}},"41":{"start":{"line":113,"column":2},"end":{"line":134,"column":null}},"42":{"start":{"line":114,"column":3},"end":{"line":132,"column":null}},"43":{"start":{"line":115,"column":4},"end":{"line":131,"column":null}},"44":{"start":{"line":116,"column":5},"end":{"line":116,"column":null}},"45":{"start":{"line":118,"column":5},"end":{"line":123,"column":null}},"46":{"start":{"line":119,"column":6},"end":{"line":119,"column":null}},"47":{"start":{"line":121,"column":6},"end":{"line":121,"column":null}},"48":{"start":{"line":122,"column":6},"end":{"line":122,"column":null}},"49":{"start":{"line":125,"column":5},"end":{"line":125,"column":null}},"50":{"start":{"line":133,"column":3},"end":{"line":133,"column":null}},"51":{"start":{"line":137,"column":2},"end":{"line":139,"column":null}},"52":{"start":{"line":138,"column":3},"end":{"line":138,"column":null}},"53":{"start":{"line":144,"column":14},"end":{"line":144,"column":null}},"54":{"start":{"line":145,"column":15},"end":{"line":145,"column":null}},"55":{"start":{"line":146,"column":13},"end":{"line":146,"column":null}},"56":{"start":{"line":147,"column":1},"end":{"line":149,"column":null}},"57":{"start":{"line":147,"column":14},"end":{"line":147,"column":17}},"58":{"start":{"line":148,"column":2},"end":{"line":148,"column":null}},"59":{"start":{"line":150,"column":1},"end":{"line":150,"column":null}},"60":{"start":{"line":154,"column":23},"end":{"line":154,"column":null}},"61":{"start":{"line":155,"column":13},"end":{"line":155,"column":null}},"62":{"start":{"line":156,"column":15},"end":{"line":156,"column":null}},"63":{"start":{"line":157,"column":1},"end":{"line":159,"column":null}},"64":{"start":{"line":157,"column":14},"end":{"line":157,"column":17}},"65":{"start":{"line":158,"column":2},"end":{"line":158,"column":null}},"66":{"start":{"line":160,"column":1},"end":{"line":160,"column":null}},"67":{"start":{"line":162,"column":35},"end":{"line":175,"column":null}},"68":{"start":{"line":163,"column":14},"end":{"line":163,"column":null}},"69":{"start":{"line":164,"column":17},"end":{"line":164,"column":null}},"70":{"start":{"line":165,"column":16},"end":{"line":165,"column":null}},"71":{"start":{"line":166,"column":1},"end":{"line":173,"column":null}},"72":{"start":{"line":167,"column":26},"end":{"line":167,"column":null}},"73":{"start":{"line":168,"column":2},"end":{"line":170,"column":null}},"74":{"start":{"line":169,"column":3},"end":{"line":169,"column":null}},"75":{"start":{"line":171,"column":2},"end":{"line":171,"column":null}},"76":{"start":{"line":172,"column":2},"end":{"line":172,"column":null}},"77":{"start":{"line":174,"column":1},"end":{"line":174,"column":null}},"78":{"start":{"line":178,"column":33},"end":{"line":235,"column":null}},"79":{"start":{"line":179,"column":24},"end":{"line":179,"column":null}},"80":{"start":{"line":180,"column":18},"end":{"line":183,"column":null}},"81":{"start":{"line":185,"column":1},"end":{"line":185,"column":null}},"82":{"start":{"line":186,"column":17},"end":{"line":218,"column":null}},"83":{"start":{"line":220,"column":1},"end":{"line":220,"column":null}},"84":{"start":{"line":221,"column":1},"end":{"line":221,"column":null}},"85":{"start":{"line":223,"column":26},"end":{"line":226,"column":null}},"86":{"start":{"line":228,"column":20},"end":{"line":228,"column":null}},"87":{"start":{"line":229,"column":1},"end":{"line":234,"column":null}},"88":{"start":{"line":230,"column":15},"end":{"line":230,"column":null}},"89":{"start":{"line":232,"column":2},"end":{"line":232,"column":null}},"90":{"start":{"line":233,"column":2},"end":{"line":233,"column":null}},"91":{"start":{"line":238,"column":34},"end":{"line":255,"column":null}},"92":{"start":{"line":239,"column":19},"end":{"line":239,"column":null}},"93":{"start":{"line":240,"column":1},"end":{"line":240,"column":null}},"94":{"start":{"line":241,"column":1},"end":{"line":241,"column":null}},"95":{"start":{"line":242,"column":18},"end":{"line":250,"column":null}},"96":{"start":{"line":251,"column":1},"end":{"line":254,"column":null}},"97":{"start":{"line":252,"column":2},"end":{"line":252,"column":null}},"98":{"start":{"line":253,"column":2},"end":{"line":253,"column":null}},"99":{"start":{"line":258,"column":32},"end":{"line":273,"column":null}},"100":{"start":{"line":259,"column":17},"end":{"line":267,"column":null}},"101":{"start":{"line":268,"column":1},"end":{"line":271,"column":null}},"102":{"start":{"line":269,"column":2},"end":{"line":269,"column":null}},"103":{"start":{"line":270,"column":2},"end":{"line":270,"column":null}},"104":{"start":{"line":272,"column":1},"end":{"line":272,"column":null}}},"fnMap":{"0":{"name":"(anonymous_0)","decl":{"start":{"line":21,"column":1},"end":{"line":21,"column":7}},"loc":{"start":{"line":21,"column":51},"end":{"line":24,"column":null}}},"1":{"name":"(anonymous_1)","decl":{"start":{"line":25,"column":1},"end":{"line":25,"column":7}},"loc":{"start":{"line":25,"column":32},"end":{"line":30,"column":null}}},"2":{"name":"(anonymous_2)","decl":{"start":{"line":33,"column":28},"end":{"line":33,"column":35}},"loc":{"start":{"line":33,"column":82},"end":{"line":55,"column":null}}},"3":{"name":"(anonymous_3)","decl":{"start":{"line":59,"column":34},"end":{"line":59,"column":41}},"loc":{"start":{"line":59,"column":168},"end":{"line":92,"column":null}}},"4":{"name":"(anonymous_4)","decl":{"start":{"line":96,"column":1},"end":{"line":96,"column":7}},"loc":{"start":{"line":96,"column":159},"end":{"line":140,"column":null}}},"5":{"name":"(anonymous_5)","decl":{"start":{"line":101,"column":63},"end":{"line":101,"column":75}},"loc":{"start":{"line":101,"column":75},"end":{"line":110,"column":3}}},"6":{"name":"(anonymous_6)","decl":{"start":{"line":113,"column":80},"end":{"line":113,"column":92}},"loc":{"start":{"line":113,"column":92},"end":{"line":134,"column":3}}},"7":{"name":"(anonymous_7)","decl":{"start":{"line":137,"column":24},"end":{"line":137,"column":36}},"loc":{"start":{"line":137,"column":36},"end":{"line":139,"column":3}}},"8":{"name":"arrayBufferToBase64","decl":{"start":{"line":143,"column":16},"end":{"line":143,"column":36}},"loc":{"start":{"line":143,"column":65},"end":{"line":151,"column":null}}},"9":{"name":"base64ToArrayBuffer","decl":{"start":{"line":153,"column":16},"end":{"line":153,"column":36}},"loc":{"start":{"line":153,"column":65},"end":{"line":161,"column":null}}},"10":{"name":"(anonymous_10)","decl":{"start":{"line":162,"column":35},"end":{"line":162,"column":42}},"loc":{"start":{"line":162,"column":122},"end":{"line":175,"column":null}}},"11":{"name":"(anonymous_11)","decl":{"start":{"line":178,"column":33},"end":{"line":178,"column":40}},"loc":{"start":{"line":178,"column":142},"end":{"line":235,"column":null}}},"12":{"name":"(anonymous_12)","decl":{"start":{"line":238,"column":34},"end":{"line":238,"column":41}},"loc":{"start":{"line":238,"column":145},"end":{"line":255,"column":null}}},"13":{"name":"(anonymous_13)","decl":{"start":{"line":258,"column":32},"end":{"line":258,"column":39}},"loc":{"start":{"line":258,"column":101},"end":{"line":273,"column":null}}}},"branchMap":{"0":{"loc":{"start":{"line":39,"column":13},"end":{"line":39,"column":null}},"type":"cond-expr","locations":[{"start":{"line":39,"column":25},"end":{"line":39,"column":59}},{"start":{"line":39,"column":59},"end":{"line":39,"column":null}}]},"1":{"loc":{"start":{"line":43,"column":38},"end":{"line":43,"column":61}},"type":"binary-expr","locations":[{"start":{"line":43,"column":38},"end":{"line":43,"column":51}},{"start":{"line":43,"column":51},"end":{"line":43,"column":61}}]},"2":{"loc":{"start":{"line":60,"column":1},"end":{"line":63,"column":null}},"type":"if","locations":[{"start":{"line":60,"column":1},"end":{"line":63,"column":null}},{"start":{},"end":{}}]},"3":{"loc":{"start":{"line":115,"column":4},"end":{"line":131,"column":null}},"type":"if","locations":[{"start":{"line":115,"column":4},"end":{"line":131,"column":null}},{"start":{},"end":{}}]},"4":{"loc":{"start":{"line":168,"column":2},"end":{"line":170,"column":null}},"type":"if","locations":[{"start":{"line":168,"column":2},"end":{"line":170,"column":null}},{"start":{},"end":{}}]},"5":{"loc":{"start":{"line":229,"column":1},"end":{"line":234,"column":null}},"type":"if","locations":[{"start":{"line":229,"column":1},"end":{"line":234,"column":null}},{"start":{},"end":{}}]},"6":{"loc":{"start":{"line":251,"column":1},"end":{"line":254,"column":null}},"type":"if","locations":[{"start":{"line":251,"column":1},"end":{"line":254,"column":null}},{"start":{},"end":{}}]},"7":{"loc":{"start":{"line":268,"column":1},"end":{"line":271,"column":null}},"type":"if","locations":[{"start":{"line":268,"column":1},"end":{"line":271,"column":null}},{"start":{},"end":{}}]}},"s":{"0":4,"1":4,"2":4,"3":21,"4":16,"5":16,"6":16,"7":16,"8":16,"9":16,"10":16,"11":16,"12":16,"13":16,"14":21,"15":32,"16":16,"17":16,"18":16,"19":16,"20":20,"21":20,"22":20,"23":20,"24":20,"25":20,"26":20,"27":20,"28":20,"29":20,"30":16,"31":35,"32":35,"33":35,"34":5,"35":5,"36":10,"37":10,"38":10,"39":10,"40":5,"41":35,"42":35,"43":30,"44":20,"45":20,"46":20,"47":15,"48":15,"49":5,"50":20,"51":35,"52":35,"53":46,"54":46,"55":46,"56":46,"57":46,"58":700,"59":46,"60":31,"61":31,"62":31,"63":31,"64":31,"65":138,"66":31,"67":21,"68":24,"69":24,"70":24,"71":24,"72":50,"73":50,"74":24,"75":26,"76":26,"77":24,"78":21,"79":30,"80":30,"81":20,"82":20,"83":20,"84":20,"85":20,"86":11,"87":11,"88":3,"89":3,"90":3,"91":21,"92":12,"93":12,"94":12,"95":12,"96":12,"97":6,"98":6,"99":21,"100":12,"101":9,"102":3,"103":3,"104":6},"f":{"0":4,"1":4,"2":16,"3":32,"4":35,"5":5,"6":35,"7":35,"8":46,"9":31,"10":24,"11":30,"12":12,"13":12},"b":{"0":[8,8],"1":[16,8],"2":[16,16],"3":[20,10],"4":[24,26],"5":[3,8],"6":[6,6],"7":[3,6]}}
}
